{
  "RSpec": {
    "coverage": {
      "/home/santiago/Escritorio/memo 2/tp2/guara api/guara bot/invernalia-bot/app/bot_client.rb": [
        1,
        1,
        1,
        null,
        1,
        1,
        11,
        11,
        null,
        null,
        1,
        0,
        0,
        0,
        null,
        null,
        null,
        1,
        11,
        22,
        null,
        null,
        null,
        1,
        null,
        1,
        22,
        null,
        null,
        1,
        11,
        null,
        11,
        null,
        null
      ],
      "/home/santiago/Escritorio/memo 2/tp2/guara api/guara bot/invernalia-bot/app/routes.rb": [
        1,
        1,
        1,
        null,
        1,
        1,
        null,
        null,
        null,
        1,
        1,
        1,
        1,
        1,
        1,
        1,
        null,
        null,
        1,
        1,
        null,
        null,
        1,
        1,
        1,
        1,
        null,
        1,
        1,
        null,
        null,
        1,
        8,
        8,
        8,
        8,
        null,
        8,
        null,
        null,
        1,
        0,
        0,
        0,
        0,
        null,
        0,
        null,
        null,
        1,
        8,
        8,
        8,
        8,
        null,
        8,
        null,
        null,
        1,
        1,
        1,
        1,
        null,
        null,
        null,
        null,
        null,
        1,
        null,
        null,
        null,
        1,
        1,
        1,
        1,
        null,
        null,
        1,
        null,
        null,
        null
      ],
      "/home/santiago/Escritorio/memo 2/tp2/guara api/guara bot/invernalia-bot/lib/routing.rb": [
        1,
        1,
        1,
        null,
        1,
        null,
        1,
        21,
        null,
        null,
        1,
        3,
        null,
        null,
        1,
        1,
        null,
        null,
        1,
        11,
        null,
        11,
        null,
        null,
        1,
        1,
        8,
        null,
        null,
        1,
        3,
        null,
        null,
        1,
        1,
        null,
        null,
        null,
        1,
        null,
        1,
        11,
        null,
        11,
        null,
        0,
        null,
        null,
        null,
        1,
        1,
        0,
        null,
        null
      ],
      "/home/santiago/Escritorio/memo 2/tp2/guara api/guara bot/invernalia-bot/app/routes_inscription.rb": [
        1,
        1,
        3,
        3,
        3,
        3,
        1,
        2,
        1,
        null,
        1,
        null,
        null,
        null,
        1,
        0,
        0,
        0,
        0,
        0,
        null,
        0,
        0,
        null,
        null,
        null,
        1,
        0,
        0,
        0,
        0,
        0,
        null,
        0,
        0,
        null,
        null,
        null,
        1,
        1,
        1,
        1,
        1,
        1,
        1,
        1,
        null,
        null,
        1,
        1,
        1,
        1,
        1,
        0,
        null,
        1,
        1,
        null,
        null,
        null,
        1,
        0,
        0,
        0,
        0,
        0,
        0,
        null,
        0,
        null,
        null,
        null,
        1,
        0,
        0,
        0,
        0,
        0,
        0,
        0,
        0,
        0,
        null,
        0,
        null,
        null,
        null,
        1,
        0,
        0,
        0,
        0,
        0,
        0,
        null,
        0,
        0,
        null,
        null,
        null,
        1,
        3,
        3,
        3,
        3,
        3,
        1,
        2,
        1,
        null,
        1,
        null,
        null,
        null
      ]
    },
    "timestamp": 1562796040
  }
}
