{
  "RSpec": {
    "coverage": {
      "/home/santi/Desktop/memo 2/tp2/bot/invernalia-bot/app/bot_client.rb": [
        1,
        1,
        1,
        null,
        1,
        1,
        9,
        9,
        null,
        null,
        1,
        0,
        0,
        0,
        null,
        null,
        null,
        1,
        9,
        18,
        null,
        null,
        null,
        1,
        null,
        1,
        18,
        null,
        null,
        1,
        9,
        null,
        9,
        null,
        null
      ],
      "/home/santi/Desktop/memo 2/tp2/bot/invernalia-bot/app/routes.rb": [
        1,
        1,
        1,
        null,
        1,
        1,
        null,
        null,
        null,
        1,
        1,
        1,
        1,
        1,
        1,
        1,
        null,
        null,
        1,
        1,
        null,
        null,
        1,
        1,
        1,
        1,
        null,
        1,
        1,
        null,
        null,
        1,
        6,
        6,
        6,
        6,
        null,
        6,
        null,
        null,
        1,
        0,
        0,
        0,
        0,
        null,
        0,
        null,
        null,
        1,
        6,
        6,
        6,
        6,
        null,
        6,
        null,
        null,
        1,
        1,
        1,
        1,
        null,
        null,
        null,
        null,
        null,
        1,
        null,
        null,
        null,
        1,
        0,
        0,
        0,
        null,
        null,
        0,
        null,
        null,
        null
      ],
      "/home/santi/Desktop/memo 2/tp2/bot/invernalia-bot/lib/routing.rb": [
        1,
        1,
        1,
        null,
        1,
        null,
        1,
        19,
        null,
        null,
        1,
        3,
        null,
        null,
        1,
        1,
        null,
        null,
        1,
        9,
        null,
        9,
        null,
        null,
        1,
        1,
        8,
        null,
        null,
        1,
        3,
        null,
        null,
        1,
        1,
        null,
        null,
        null,
        1,
        null,
        1,
        9,
        null,
        9,
        null,
        0,
        null,
        null,
        null,
        1,
        1,
        0,
        null,
        null
      ],
      "/home/santi/Desktop/memo 2/tp2/bot/invernalia-bot/app/routes_inscription.rb": [
        1,
        1,
        3,
        3,
        3,
        3,
        1,
        2,
        1,
        null,
        1,
        null,
        null,
        null,
        1,
        0,
        0,
        0,
        0,
        0,
        null,
        0,
        0,
        null,
        null,
        null,
        1,
        0,
        0,
        0,
        0,
        0,
        null,
        0,
        0,
        null,
        null,
        null,
        1,
        1,
        1,
        1,
        1,
        1,
        1,
        1,
        null,
        null,
        1,
        1,
        1,
        1,
        1,
        0,
        null,
        1,
        1,
        null,
        null,
        null,
        1,
        0,
        0,
        0,
        0,
        0,
        0,
        null,
        0,
        null,
        null,
        null,
        1,
        0,
        0,
        0,
        0,
        0,
        0,
        0,
        0,
        0,
        null,
        0,
        null,
        null,
        null,
        1,
        0,
        0,
        0,
        0,
        0,
        0,
        null,
        0,
        0,
        null,
        null,
        null,
        1,
        1,
        1,
        1,
        1,
        0,
        1,
        1,
        null,
        0,
        null,
        null,
        null
      ]
    },
    "timestamp": 1562791771
  }
}
